07:06:16.197 T044 LeftTerminator(row=0, lb=5) -> null(母線まで延ばす)
07:06:16.200 T044 k==0: row=0 lb=5 lt=null LeftBusX=15.50 X(lb)=65.00 y=24.50
07:06:16.201 T044 DrawWire: (15.50,24.50)-(65.00,24.50) net=0
07:06:16.201 T044 DrawWire: (74.00,24.50)-(204.50,24.50) net=1
07:06:17.550 T044 LeftTerminator(row=0, lb=5) -> null(母線まで延ばす)
07:06:17.550 T044 k==0: row=0 lb=5 lt=null LeftBusX=15.50 X(lb)=65.00 y=24.50
07:06:17.550 T044 DrawWire: (15.50,24.50)-(65.00,24.50) net=0
07:06:17.550 T044 DrawWire: (74.00,24.50)-(204.50,24.50) net=1
07:06:29.104 T044 OR-wiring: pos=(3,5) baseRow=0 basePos=(0,5) leftColumn=5 rightColumn=6 connectors=[]
07:06:29.104 T044 NothingBetweenRailAndColumn(row=3, column=5): elemBlock=False connBlock=False result=True
07:06:29.105 T044 NothingBetweenRailAndColumn(row=0, column=5): elemBlock=False connBlock=False result=True
07:06:29.105 T044 OR-wiring: skipAtPlacedRow=True skipAtBaseRow=True -> leftConnectorAdded=False
07:06:29.107 T044 LeftTerminator(row=0, lb=5) -> null(母線まで延ばす)
07:06:29.107 T044 k==0: row=0 lb=5 lt=null LeftBusX=15.50 X(lb)=65.00 y=24.50
07:06:29.107 T044 DrawWire: (15.50,24.50)-(65.00,24.50) net=0
07:06:29.107 T044 DrawWire: (74.00,24.50)-(204.50,24.50) net=2
07:06:29.108 T044 LeftTerminator(row=3, lb=5) -> null(母線まで延ばす)
07:06:29.108 T044 k==0: row=3 lb=5 lt=null LeftBusX=15.50 X(lb)=65.00 y=51.50
07:06:29.108 T044 DrawWire: (15.50,51.50)-(65.00,51.50) net=0
07:06:30.455 T044 LeftTerminator(row=0, lb=5) -> null(母線まで延ばす)
07:06:30.456 T044 k==0: row=0 lb=5 lt=null LeftBusX=15.50 X(lb)=65.00 y=24.50
07:06:30.456 T044 DrawWire: (15.50,24.50)-(65.00,24.50) net=0
07:06:30.456 T044 DrawWire: (74.00,24.50)-(204.50,24.50) net=2
07:06:30.456 T044 LeftTerminator(row=3, lb=5) -> null(母線まで延ばす)
07:06:30.456 T044 k==0: row=3 lb=5 lt=null LeftBusX=15.50 X(lb)=65.00 y=51.50
07:06:30.456 T044 DrawWire: (15.50,51.50)-(65.00,51.50) net=0
07:06:40.773 T044 OR-wiring: pos=(7,3) baseRow=3 basePos=(3,5) leftColumn=3 rightColumn=6 connectors=[col6:r0-3]
07:06:40.773 T044 NothingBetweenRailAndColumn(row=7, column=3): elemBlock=False connBlock=False result=True
07:06:40.773 T044 NothingBetweenRailAndColumn(row=3, column=3): elemBlock=False connBlock=False result=True
07:06:40.774 T044 OR-wiring: skipAtPlacedRow=True skipAtBaseRow=True -> leftConnectorAdded=False
07:06:40.774 T044 LeftTerminator(row=0, lb=5) -> null(母線まで延ばす)
07:06:40.775 T044 k==0: row=0 lb=5 lt=null LeftBusX=15.50 X(lb)=65.00 y=24.50
07:06:40.775 T044 DrawWire: (15.50,24.50)-(65.00,24.50) net=0
07:06:40.775 T044 DrawWire: (74.00,24.50)-(204.50,24.50) net=2
07:06:40.775 T044 LeftTerminator(row=3, lb=5) -> null(母線まで延ばす)
07:06:40.775 T044 k==0: row=3 lb=5 lt=null LeftBusX=15.50 X(lb)=65.00 y=51.50
07:06:40.775 T044 DrawWire: (15.50,51.50)-(65.00,51.50) net=0
07:06:40.775 T044 LeftTerminator(row=7, lb=3) -> null(母線まで延ばす)
07:06:40.775 T044 k==0: row=7 lb=3 lt=null LeftBusX=15.50 X(lb)=47.00 y=87.50
07:06:40.776 T044 DrawWire: (15.50,87.50)-(47.00,87.50) net=0
07:06:40.776 T044 DrawWire: (56.00,87.50)-(74.00,87.50) net=2
